<?xml version="1.0" encoding="UTF-8"?>
<!-- Generated by org.testng.reporters.JUnitXMLReporter -->
<testsuite hostname="Tyss-4F-Pratibha" ignored="1" name="Default test" tests="1" failures="0" timestamp="27 Mar 2019 02:21:17 GMT" time="27.863" errors="0">
  <testcase name="testListBoxSortedOrNot" time="10.11" classname="scripts.TestScipts"/>
  <testcase name="testCreateEmployee" time="0.0" classname="scripts.TestScipts">
    <ignored/>
  </testcase> <!-- testCreateEmployee -->
</testsuite> <!-- Default test -->
