<?xml version="1.0" encoding="UTF-8"?>
<!-- Generated by org.testng.reporters.JUnitXMLReporter -->
<testsuite hostname="Tyss-4F-Pratibha" ignored="1" name="Test" tests="1" failures="0" timestamp="28 Mar 2019 02:16:39 GMT" time="42.21" errors="0">
  <testcase name="testListBoxSortedOrNot" time="24.178" classname="scripts.TestScipts"/>
  <testcase name="testCreateEmployee" time="0.0" classname="scripts.TestScipts">
    <ignored/>
  </testcase> <!-- testCreateEmployee -->
</testsuite> <!-- Test -->
