<?xml version="1.0" encoding="UTF-8"?>
<testng-results skipped="0" failed="0" total="1" passed="1">
  <reporter-output>
    <line>
      <![CDATA[Title is MatchingOrangeHRM]]>
    </line>
    <line>
      <![CDATA[List is sorted:Pass]]>
    </line>
  </reporter-output>
  <suite name="Suite" duration-ms="18767" started-at="2019-03-28T02:23:14Z" finished-at="2019-03-28T02:23:33Z">
    <groups>
    </groups>
    <test name="Test" duration-ms="18767" started-at="2019-03-28T02:23:14Z" finished-at="2019-03-28T02:23:33Z">
      <class name="scripts.TestScipts">
        <test-method status="PASS" signature="preCondition()[pri:0, instance:scripts.TestScipts@327471b5]" name="preCondition" is-config="true" duration-ms="8597" started-at="2019-03-28T07:53:14Z" finished-at="2019-03-28T07:53:22Z">
          <reporter-output>
          </reporter-output>
        </test-method> <!-- preCondition -->
        <test-method status="PASS" signature="testListBoxSortedOrNot()[pri:0, instance:scripts.TestScipts@327471b5]" name="testListBoxSortedOrNot" duration-ms="8793" started-at="2019-03-28T07:53:22Z" finished-at="2019-03-28T07:53:31Z">
          <reporter-output>
            <line>
              <![CDATA[Title is MatchingOrangeHRM]]>
            </line>
            <line>
              <![CDATA[List is sorted:Pass]]>
            </line>
          </reporter-output>
        </test-method> <!-- testListBoxSortedOrNot -->
        <test-method status="PASS" signature="postCondition()[pri:0, instance:scripts.TestScipts@327471b5]" name="postCondition" is-config="true" duration-ms="1332" started-at="2019-03-28T07:53:31Z" finished-at="2019-03-28T07:53:33Z">
          <reporter-output>
          </reporter-output>
        </test-method> <!-- postCondition -->
      </class> <!-- scripts.TestScipts -->
    </test> <!-- Test -->
  </suite> <!-- Suite -->
</testng-results>
