<?xml version="1.0" encoding="UTF-8"?>
<testng-results skipped="0" failed="0" ignored="1" total="2" passed="1">
  <reporter-output>
    <line>
      <![CDATA[Title is MatchingOrangeHRM]]>
    </line>
    <line>
      <![CDATA[List is sorted:Pass]]>
    </line>
  </reporter-output>
  <suite name="Suite" duration-ms="42210" started-at="2019-03-28T02:15:57Z" finished-at="2019-03-28T02:16:39Z">
    <groups>
    </groups>
    <test name="Test" duration-ms="42210" started-at="2019-03-28T02:15:57Z" finished-at="2019-03-28T02:16:39Z">
      <class name="scripts.TestScipts">
        <test-method status="PASS" signature="preCondition()[pri:0, instance:scripts.TestScipts@5bcab519]" name="preCondition" is-config="true" duration-ms="16678" started-at="2019-03-28T02:15:57Z" finished-at="2019-03-28T02:16:14Z">
          <reporter-output>
          </reporter-output>
        </test-method> <!-- preCondition -->
        <test-method status="PASS" signature="testListBoxSortedOrNot()[pri:0, instance:scripts.TestScipts@5bcab519]" name="testListBoxSortedOrNot" duration-ms="24178" started-at="2019-03-28T02:16:14Z" finished-at="2019-03-28T02:16:38Z">
          <reporter-output>
            <line>
              <![CDATA[Title is MatchingOrangeHRM]]>
            </line>
            <line>
              <![CDATA[List is sorted:Pass]]>
            </line>
          </reporter-output>
        </test-method> <!-- testListBoxSortedOrNot -->
        <test-method status="PASS" signature="postCondition()[pri:0, instance:scripts.TestScipts@5bcab519]" name="postCondition" is-config="true" duration-ms="1233" started-at="2019-03-28T02:16:38Z" finished-at="2019-03-28T02:16:39Z">
          <reporter-output>
          </reporter-output>
        </test-method> <!-- postCondition -->
      </class> <!-- scripts.TestScipts -->
    </test> <!-- Test -->
  </suite> <!-- Suite -->
</testng-results>
